[debug] [2023-09-23T17:05:34.754Z] ----------------------------------------------------------------------
[debug] [2023-09-23T17:05:34.757Z] Command:       C:\Program Files\nodejs\node.exe C:\Users\MARIELLE CATHERINE G\AppData\Roaming\npm\node_modules\firebase-tools\lib\bin\firebase.js init
[debug] [2023-09-23T17:05:34.758Z] CLI Version:   12.5.4
[debug] [2023-09-23T17:05:34.758Z] Platform:      win32
[debug] [2023-09-23T17:05:34.759Z] Node Version:  v18.16.1
[debug] [2023-09-23T17:05:34.760Z] Time:          Sat Sep 23 2023 22:35:34 GMT+0530 (India Standard Time)
[debug] [2023-09-23T17:05:34.761Z] ----------------------------------------------------------------------
[debug] 
[debug] [2023-09-23T17:05:34.772Z] > command requires scopes: ["email","openid","https://www.googleapis.com/auth/cloudplatformprojects.readonly","https://www.googleapis.com/auth/firebase","https://www.googleapis.com/auth/cloud-platform"]
[debug] [2023-09-23T17:05:34.772Z] > authorizing via signed-in user (mariellecatherinegeorge.2021csbs@sece.ac.in)
[info] 
     ######## #### ########  ######## ########     ###     ######  ########
     ##        ##  ##     ## ##       ##     ##  ##   ##  ##       ##
     ######    ##  ########  ######   ########  #########  ######  ######
     ##        ##  ##    ##  ##       ##     ## ##     ##       ## ##
     ##       #### ##     ## ######## ########  ##     ##  ######  ########

You're about to initialize a Firebase project in this directory:

  C:\Users\MARIELLE CATHERINE G\Desktop\Messenger app\miko

[info] 
=== Project Setup
[info] 
[info] First, let's associate this project directory with a Firebase project.
[info] You can create multiple project aliases by running firebase use --add, 
[info] but for now we'll just set up a default project.
[info] 
[debug] [2023-09-23T17:05:50.537Z] > refreshing access token with scopes: []
[debug] [2023-09-23T17:05:50.540Z] >>> [apiv2][query] POST https://www.googleapis.com/oauth2/v3/token [none]
[debug] [2023-09-23T17:05:50.540Z] >>> [apiv2][body] POST https://www.googleapis.com/oauth2/v3/token [omitted]
[debug] [2023-09-23T17:05:50.911Z] <<< [apiv2][status] POST https://www.googleapis.com/oauth2/v3/token 200
[debug] [2023-09-23T17:05:50.911Z] <<< [apiv2][body] POST https://www.googleapis.com/oauth2/v3/token [omitted]
[debug] [2023-09-23T17:05:50.920Z] >>> [apiv2][query] GET https://firebase.googleapis.com/v1beta1/projects pageSize=100
[debug] [2023-09-23T17:05:52.049Z] <<< [apiv2][status] GET https://firebase.googleapis.com/v1beta1/projects 200
[debug] [2023-09-23T17:05:52.049Z] <<< [apiv2][body] GET https://firebase.googleapis.com/v1beta1/projects [omitted]
[info] i  Using project miko-164ae (Miko) 
[info] 
=== Database Setup
[info] i  database: ensuring required API firebasedatabase.googleapis.com is enabled... 
[debug] [2023-09-23T17:05:52.082Z] >>> [apiv2][query] GET https://serviceusage.googleapis.com/v1/projects/miko-164ae/services/firebasedatabase.googleapis.com [none]
[debug] [2023-09-23T17:05:52.082Z] >>> [apiv2][(partial)header] GET https://serviceusage.googleapis.com/v1/projects/miko-164ae/services/firebasedatabase.googleapis.com x-goog-quota-user=projects/miko-164ae
[debug] [2023-09-23T17:05:54.351Z] <<< [apiv2][status] GET https://serviceusage.googleapis.com/v1/projects/miko-164ae/services/firebasedatabase.googleapis.com 200
[debug] [2023-09-23T17:05:54.351Z] <<< [apiv2][body] GET https://serviceusage.googleapis.com/v1/projects/miko-164ae/services/firebasedatabase.googleapis.com [omitted]
[info] +  database: required API firebasedatabase.googleapis.com is enabled 
[info] 
[debug] [2023-09-23T17:05:54.354Z] >>> [apiv2][query] GET https://firebasedatabase.googleapis.com/v1beta/projects/miko-164ae/locations/-/instances/miko-164ae-default-rtdb [none]
[debug] [2023-09-23T17:05:56.858Z] <<< [apiv2][status] GET https://firebasedatabase.googleapis.com/v1beta/projects/miko-164ae/locations/-/instances/miko-164ae-default-rtdb 200
[debug] [2023-09-23T17:05:56.858Z] <<< [apiv2][body] GET https://firebasedatabase.googleapis.com/v1beta/projects/miko-164ae/locations/-/instances/miko-164ae-default-rtdb {"name":"projects/270788760418/locations/asia-southeast1/instances/miko-164ae-default-rtdb","project":"projects/270788760418","databaseUrl":"https://miko-164ae-default-rtdb.asia-southeast1.firebasedatabase.app","type":"DEFAULT_DATABASE","state":"ACTIVE"}
[info] 
[info] Firebase Realtime Database Security Rules allow you to define how your data should be
[info] structured and when your data can be read from and written to.
[info] 
[debug] [2023-09-23T17:06:37.907Z] >>> [apiv2][query] GET https://miko-164ae-default-rtdb.asia-southeast1.firebasedatabase.app/.settings/rules.json [none]
[debug] [2023-09-23T17:06:38.188Z] <<< [apiv2][status] GET https://miko-164ae-default-rtdb.asia-southeast1.firebasedatabase.app/.settings/rules.json 200
[debug] [2023-09-23T17:06:38.189Z] <<< [apiv2][body] GET https://miko-164ae-default-rtdb.asia-southeast1.firebasedatabase.app/.settings/rules.json [stream]
[info] +  Database Rules for miko-164ae-default-rtdb have been written to database.rules.json. 
[info] Future modifications to database.rules.json will update Realtime Database Security Rules when you run
[info] firebase deploy.
[info] 
=== Firestore Setup
[debug] [2023-09-23T17:06:38.200Z] >>> [apiv2][query] GET https://serviceusage.googleapis.com/v1/projects/miko-164ae/services/firestore.googleapis.com [none]
[debug] [2023-09-23T17:06:38.200Z] >>> [apiv2][(partial)header] GET https://serviceusage.googleapis.com/v1/projects/miko-164ae/services/firestore.googleapis.com x-goog-quota-user=projects/miko-164ae
[debug] [2023-09-23T17:06:40.163Z] <<< [apiv2][status] GET https://serviceusage.googleapis.com/v1/projects/miko-164ae/services/firestore.googleapis.com 200
[debug] [2023-09-23T17:06:40.163Z] <<< [apiv2][body] GET https://serviceusage.googleapis.com/v1/projects/miko-164ae/services/firestore.googleapis.com [omitted]
[debug] [2023-09-23T17:06:40.163Z] >>> [apiv2][query] GET https://firestore.googleapis.com/v1/projects/miko-164ae/databases/(default) [none]
[debug] [2023-09-23T17:06:41.265Z] <<< [apiv2][status] GET https://firestore.googleapis.com/v1/projects/miko-164ae/databases/(default) 200
[debug] [2023-09-23T17:06:41.265Z] <<< [apiv2][body] GET https://firestore.googleapis.com/v1/projects/miko-164ae/databases/(default) {"name":"projects/miko-164ae/databases/(default)","uid":"faed1b28-2fef-4c27-b61c-a637568d9b73","createTime":"2023-09-23T15:54:15.208731Z","updateTime":"2023-09-23T15:54:15.208731Z","locationId":"asia-south1","type":"FIRESTORE_NATIVE","concurrencyMode":"PESSIMISTIC","versionRetentionPeriod":"3600s","earliestVersionTime":"2023-09-23T16:06:41.574716Z","appEngineIntegrationMode":"DISABLED","keyPrefix":"j","pointInTimeRecoveryEnablement":"POINT_IN_TIME_RECOVERY_DISABLED","deleteProtectionState":"DELETE_PROTECTION_DISABLED","etag":"INea9P2bwYEDMJajuZCMwYED"}
[debug] [2023-09-23T17:06:41.266Z] database_type: FIRESTORE_NATIVE
[debug] [2023-09-23T17:06:41.267Z] > command requires scopes: ["email","openid","https://www.googleapis.com/auth/cloudplatformprojects.readonly","https://www.googleapis.com/auth/firebase","https://www.googleapis.com/auth/cloud-platform"]
[debug] [2023-09-23T17:06:41.267Z] > authorizing via signed-in user (mariellecatherinegeorge.2021csbs@sece.ac.in)
[debug] [2023-09-23T17:06:41.267Z] [iam] checking project miko-164ae for permissions ["firebase.projects.get"]
[debug] [2023-09-23T17:06:41.269Z] >>> [apiv2][query] POST https://cloudresourcemanager.googleapis.com/v1/projects/miko-164ae:testIamPermissions [none]
[debug] [2023-09-23T17:06:41.269Z] >>> [apiv2][(partial)header] POST https://cloudresourcemanager.googleapis.com/v1/projects/miko-164ae:testIamPermissions x-goog-quota-user=projects/miko-164ae
[debug] [2023-09-23T17:06:41.269Z] >>> [apiv2][body] POST https://cloudresourcemanager.googleapis.com/v1/projects/miko-164ae:testIamPermissions {"permissions":["firebase.projects.get"]}
[debug] [2023-09-23T17:06:43.124Z] <<< [apiv2][status] POST https://cloudresourcemanager.googleapis.com/v1/projects/miko-164ae:testIamPermissions 200
[debug] [2023-09-23T17:06:43.124Z] <<< [apiv2][body] POST https://cloudresourcemanager.googleapis.com/v1/projects/miko-164ae:testIamPermissions {"permissions":["firebase.projects.get"]}
[info] 
[info] Firestore Security Rules allow you to define how and when to allow
[info] requests. You can keep these rules in your project directory
[info] and publish them with firebase deploy.
[info] 
[debug] [2023-09-23T17:06:56.640Z] >>> [apiv2][query] GET https://firebaserules.googleapis.com/v1/projects/miko-164ae/releases pageSize=10&pageToken=
[debug] [2023-09-23T17:06:58.383Z] <<< [apiv2][status] GET https://firebaserules.googleapis.com/v1/projects/miko-164ae/releases 200
[debug] [2023-09-23T17:06:58.384Z] <<< [apiv2][body] GET https://firebaserules.googleapis.com/v1/projects/miko-164ae/releases {"releases":[{"name":"projects/miko-164ae/releases/cloud.firestore","rulesetName":"projects/miko-164ae/rulesets/b649b6da-1045-49ae-97d1-1f03a25618c4","createTime":"2023-09-23T15:54:22.187470Z","updateTime":"2023-09-23T15:54:22.187470Z"}]}
[debug] [2023-09-23T17:06:58.384Z] Found ruleset: projects/miko-164ae/rulesets/b649b6da-1045-49ae-97d1-1f03a25618c4
[debug] [2023-09-23T17:06:58.385Z] >>> [apiv2][query] GET https://firebaserules.googleapis.com/v1/projects/miko-164ae/rulesets/b649b6da-1045-49ae-97d1-1f03a25618c4 [none]
[debug] [2023-09-23T17:07:00.672Z] <<< [apiv2][status] GET https://firebaserules.googleapis.com/v1/projects/miko-164ae/rulesets/b649b6da-1045-49ae-97d1-1f03a25618c4 200
[debug] [2023-09-23T17:07:00.673Z] <<< [apiv2][body] GET https://firebaserules.googleapis.com/v1/projects/miko-164ae/rulesets/b649b6da-1045-49ae-97d1-1f03a25618c4 [omitted]
[info] 
[info] Firestore indexes allow you to perform complex queries while
[info] maintaining performance that scales with the size of the result
[info] set. You can keep index definitions in your project directory
[info] and publish them with firebase deploy.
[info] 
[debug] [2023-09-23T17:07:05.206Z] >>> [apiv2][query] GET https://firestore.googleapis.com/v1/projects/miko-164ae/databases/(default)/collectionGroups/-/indexes [none]
[debug] [2023-09-23T17:07:05.209Z] >>> [apiv2][query] GET https://firestore.googleapis.com/v1/projects/miko-164ae/databases/(default)/collectionGroups/-/fields?filter=indexConfig.usesAncestorConfig=false OR ttlConfig:* [none]
[debug] [2023-09-23T17:07:05.618Z] <<< [apiv2][status] GET https://firestore.googleapis.com/v1/projects/miko-164ae/databases/(default)/collectionGroups/-/fields?filter=indexConfig.usesAncestorConfig=false OR ttlConfig:* 200
[debug] [2023-09-23T17:07:05.618Z] <<< [apiv2][body] GET https://firestore.googleapis.com/v1/projects/miko-164ae/databases/(default)/collectionGroups/-/fields?filter=indexConfig.usesAncestorConfig=false OR ttlConfig:* {"fields":[{"name":"projects/miko-164ae/databases/(default)/collectionGroups/__default__/fields/*","indexConfig":{"indexes":[{"queryScope":"COLLECTION","fields":[{"fieldPath":"*","order":"ASCENDING"}],"state":"READY"},{"queryScope":"COLLECTION","fields":[{"fieldPath":"*","order":"DESCENDING"}],"state":"READY"},{"queryScope":"COLLECTION","fields":[{"fieldPath":"*","arrayConfig":"CONTAINS"}],"state":"READY"}]}}]}
[debug] [2023-09-23T17:07:05.959Z] <<< [apiv2][status] GET https://firestore.googleapis.com/v1/projects/miko-164ae/databases/(default)/collectionGroups/-/indexes 200
[debug] [2023-09-23T17:07:05.959Z] <<< [apiv2][body] GET https://firestore.googleapis.com/v1/projects/miko-164ae/databases/(default)/collectionGroups/-/indexes {}
[info] 
=== Functions Setup
[debug] [2023-09-23T17:07:05.961Z] > command requires scopes: ["email","openid","https://www.googleapis.com/auth/cloudplatformprojects.readonly","https://www.googleapis.com/auth/firebase","https://www.googleapis.com/auth/cloud-platform"]
[debug] [2023-09-23T17:07:05.961Z] > authorizing via signed-in user (mariellecatherinegeorge.2021csbs@sece.ac.in)
[debug] [2023-09-23T17:07:05.962Z] [iam] checking project miko-164ae for permissions ["firebase.projects.get"]
[debug] [2023-09-23T17:07:05.962Z] >>> [apiv2][query] POST https://cloudresourcemanager.googleapis.com/v1/projects/miko-164ae:testIamPermissions [none]
[debug] [2023-09-23T17:07:05.962Z] >>> [apiv2][(partial)header] POST https://cloudresourcemanager.googleapis.com/v1/projects/miko-164ae:testIamPermissions x-goog-quota-user=projects/miko-164ae
[debug] [2023-09-23T17:07:05.962Z] >>> [apiv2][body] POST https://cloudresourcemanager.googleapis.com/v1/projects/miko-164ae:testIamPermissions {"permissions":["firebase.projects.get"]}
[debug] [2023-09-23T17:07:07.325Z] <<< [apiv2][status] POST https://cloudresourcemanager.googleapis.com/v1/projects/miko-164ae:testIamPermissions 200
[debug] [2023-09-23T17:07:07.325Z] <<< [apiv2][body] POST https://cloudresourcemanager.googleapis.com/v1/projects/miko-164ae:testIamPermissions {"permissions":["firebase.projects.get"]}
[debug] [2023-09-23T17:07:07.325Z] >>> [apiv2][query] GET https://serviceusage.googleapis.com/v1/projects/miko-164ae/services/cloudfunctions.googleapis.com [none]
[debug] [2023-09-23T17:07:07.326Z] >>> [apiv2][(partial)header] GET https://serviceusage.googleapis.com/v1/projects/miko-164ae/services/cloudfunctions.googleapis.com x-goog-quota-user=projects/miko-164ae
[debug] [2023-09-23T17:07:07.328Z] >>> [apiv2][query] GET https://serviceusage.googleapis.com/v1/projects/miko-164ae/services/runtimeconfig.googleapis.com [none]
[debug] [2023-09-23T17:07:07.328Z] >>> [apiv2][(partial)header] GET https://serviceusage.googleapis.com/v1/projects/miko-164ae/services/runtimeconfig.googleapis.com x-goog-quota-user=projects/miko-164ae
[debug] [2023-09-23T17:07:08.926Z] <<< [apiv2][status] GET https://serviceusage.googleapis.com/v1/projects/miko-164ae/services/runtimeconfig.googleapis.com 200
[debug] [2023-09-23T17:07:08.926Z] <<< [apiv2][body] GET https://serviceusage.googleapis.com/v1/projects/miko-164ae/services/runtimeconfig.googleapis.com [omitted]
[debug] [2023-09-23T17:07:08.984Z] <<< [apiv2][status] GET https://serviceusage.googleapis.com/v1/projects/miko-164ae/services/cloudfunctions.googleapis.com 200
[debug] [2023-09-23T17:07:08.984Z] <<< [apiv2][body] GET https://serviceusage.googleapis.com/v1/projects/miko-164ae/services/cloudfunctions.googleapis.com [omitted]
[info] 
Detected existing codebase(s): default

[info] Let's create a new codebase for your functions.
[info] A directory corresponding to the codebase will be created in your project
[info] with sample code pre-configured.

[info] See https://firebase.google.com/docs/functions/organize-functions for
[info] more information on organizing your functions using codebases.

[info] Functions can be deployed with firebase deploy.

[error] Invalid codebase name. Codebase must be less than 64 characters and can contain only lowercase letters, numeric characters, underscores, and dashes.
[info] +  Wrote mikow/package.json 
[info] +  Wrote mikow/.eslintrc.js 
[info] +  Wrote mikow/index.js 
[info] +  Wrote mikow/.gitignore 
[info] 
=== Hosting Setup
[info] 
[info] Your public directory is the folder (relative to your project directory) that
[info] will contain Hosting assets to be uploaded with firebase deploy. If you
[info] have a build process for your assets, use your build's output directory.
[info] 
[debug] [2023-09-23T17:08:53.098Z] >>> [apiv2][query] GET https://www.gstatic.com/firebasejs/releases.json [none]
[debug] [2023-09-23T17:08:55.261Z] <<< [apiv2][status] GET https://www.gstatic.com/firebasejs/releases.json 200
[debug] [2023-09-23T17:08:55.261Z] <<< [apiv2][body] GET https://www.gstatic.com/firebasejs/releases.json {"current":{"version":"10.4.0","browserURL":"https://www.gstatic.com/firebasejs/10.4.0/firebase.js","packageURL":"https://www.gstatic.com/firebasejs/10.4.0/firebase.tgz"},"live":{"version":"10.4","browserURL":"https://www.gstatic.com/firebasejs/live/10.4/firebase.js","packageURL":"https://www.gstatic.com/firebasejs/live/10.4/firebase.tgz"},"components":{"analytics":"https://www.gstatic.com/firebasejs/10.4.0/firebase-analytics.js","app":"https://www.gstatic.com/firebasejs/10.4.0/firebase-app.js","app-check":"https://www.gstatic.com/firebasejs/10.4.0/firebase-app-check.js","auth":"https://www.gstatic.com/firebasejs/10.4.0/firebase-auth.js","auth/cordova":"https://www.gstatic.com/firebasejs/10.4.0/firebase-auth/cordova.js","functions":"https://www.gstatic.com/firebasejs/10.4.0/firebase-functions.js","firestore":"https://www.gstatic.com/firebasejs/10.4.0/firebase-firestore.js","firestore/lite":"https://www.gstatic.com/firebasejs/10.4.0/firebase-firestore/lite.js","installations":"https://www.gstatic.com/firebasejs/10.4.0/firebase-installations.js","storage":"https://www.gstatic.com/firebasejs/10.4.0/firebase-storage.js","performance":"https://www.gstatic.com/firebasejs/10.4.0/firebase-performance.js","remote-config":"https://www.gstatic.com/firebasejs/10.4.0/firebase-remote-config.js","messaging":"https://www.gstatic.com/firebasejs/10.4.0/firebase-messaging.js","messaging/sw":"https://www.gstatic.com/firebasejs/10.4.0/firebase-messaging/sw.js","database":"https://www.gstatic.com/firebasejs/10.4.0/firebase-database.js","firestore.memory":"https://www.gstatic.com/firebasejs/10.4.0/firebase-firestore.memory.js"}}
[info] +  Wrote public/index.html 
[info] 
[info] i  Didn't detect a .git folder. Assuming C:\Users\MARIELLE CATHERINE G\Desktop\Messenger app\miko is the project root. 
[info] i  Authorizing with GitHub to upload your service account to a GitHub repository's secrets store. 
[info] 
[info] Visit this URL on this device to log in:
[info] https://github.com/login/oauth/authorize?client_id=89cf50f02ac6aaed3484&state=963917565&redirect_uri=http%3A%2F%2Flocalhost%3A9005&scope=read%3Auser%20repo%20public_repo
[info] 
[info] Waiting for authentication...
[debug] [2023-09-23T17:08:58.739Z] >>> [apiv2][query] POST https://github.com/login/oauth/access_token [none]
[debug] [2023-09-23T17:08:58.740Z] >>> [apiv2][body] POST https://github.com/login/oauth/access_token [stream]
[debug] [2023-09-23T17:08:59.276Z] <<< [apiv2][status] POST https://github.com/login/oauth/access_token 200
[debug] [2023-09-23T17:08:59.277Z] <<< [apiv2][body] POST https://github.com/login/oauth/access_token {"access_token":"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","token_type":"bearer","scope":"read:user,repo"}
[debug] [2023-09-23T17:08:59.289Z] >>> [apiv2][query] GET https://api.github.com/user [none]
[debug] [2023-09-23T17:09:00.718Z] <<< [apiv2][status] GET https://api.github.com/user 200
[debug] [2023-09-23T17:09:00.718Z] <<< [apiv2][body] GET https://api.github.com/user {"login":"mari3011","id":145861040,"node_id":"U_kgDOCLGpsA","avatar_url":"https://avatars.githubusercontent.com/u/145861040?v=4","gravatar_id":"","url":"https://api.github.com/users/mari3011","html_url":"https://github.com/mari3011","followers_url":"https://api.github.com/users/mari3011/followers","following_url":"https://api.github.com/users/mari3011/following{/other_user}","gists_url":"https://api.github.com/users/mari3011/gists{/gist_id}","starred_url":"https://api.github.com/users/mari3011/starred{/owner}{/repo}","subscriptions_url":"https://api.github.com/users/mari3011/subscriptions","organizations_url":"https://api.github.com/users/mari3011/orgs","repos_url":"https://api.github.com/users/mari3011/repos","events_url":"https://api.github.com/users/mari3011/events{/privacy}","received_events_url":"https://api.github.com/users/mari3011/received_events","type":"User","site_admin":false,"name":null,"company":null,"blog":"","location":null,"email":null,"hireable":null,"bio":null,"twitter_username":null,"public_repos":1,"public_gists":0,"followers":0,"following":0,"created_at":"2023-09-23T16:17:09Z","updated_at":"2023-09-23T16:17:09Z","private_gists":0,"total_private_repos":0,"owned_private_repos":0,"disk_usage":0,"collaborators":0,"two_factor_authentication":false,"plan":{"name":"free","space":976562499,"collaborators":0,"private_repos":10000}}
[info] 
[info] +  Success! Logged into GitHub as mari3011 
[info] 
[debug] [2023-09-23T17:09:38.865Z] >>> [apiv2][query] GET https://api.github.com/repos//actions/secrets/public-key type=owner
[debug] [2023-09-23T17:09:39.398Z] <<< [apiv2][status] GET https://api.github.com/repos//actions/secrets/public-key 404
[debug] [2023-09-23T17:09:39.399Z] <<< [apiv2][body] GET https://api.github.com/repos//actions/secrets/public-key {"message":"Not Found","documentation_url":"https://docs.github.com/rest"}
[info] 
[info] 
[error] !  The provided authorization cannot be used with this repository. If this repository is in an organization, did you remember to grant access? 
[info] 
[info] i  Action required: Visit this URL to ensure access has been granted to the appropriate organization(s) for the Firebase CLI GitHub OAuth App: 
[info] https://github.com/settings/connections/applications/89cf50f02ac6aaed3484
[info] 
